<?xml version="1.0" encoding="UTF-8"?>
<testsuite xmlns:xsi="http://www.w3.org/2001/XMLSchema-instance" xsi:noNamespaceSchemaLocation="https://maven.apache.org/surefire/maven-surefire-plugin/xsd/surefire-test-report-3.0.xsd" version="3.0" name="TestSuite" time="3.377" tests="0" errors="0" skipped="0" failures="0">
  <properties>
    <property name="java.specification.version" value="17"/>
    <property name="sun.jnu.encoding" value="UTF-8"/>
    <property name="java.class.path" value="/home/channoufisaber/NetBeansProjects/BooksStoreWebsite/target/test-classes:/home/channoufisaber/NetBeansProjects/BooksStoreWebsite/target/classes:/home/channoufisaber/.m2/repository/javax/javaee-web-api/7.0/javaee-web-api-7.0.jar:/home/channoufisaber/.m2/repository/org/hibernate/hibernate-core/5.2.12.Final/hibernate-core-5.2.12.Final.jar:/home/channoufisaber/.m2/repository/org/jboss/logging/jboss-logging/3.3.0.Final/jboss-logging-3.3.0.Final.jar:/home/channoufisaber/.m2/repository/org/hibernate/javax/persistence/hibernate-jpa-2.1-api/1.0.0.Final/hibernate-jpa-2.1-api-1.0.0.Final.jar:/home/channoufisaber/.m2/repository/antlr/antlr/2.7.7/antlr-2.7.7.jar:/home/channoufisaber/.m2/repository/org/jboss/spec/javax/transaction/jboss-transaction-api_1.2_spec/1.0.1.Final/jboss-transaction-api_1.2_spec-1.0.1.Final.jar:/home/channoufisaber/.m2/repository/org/jboss/jandex/2.0.3.Final/jandex-2.0.3.Final.jar:/home/channoufisaber/.m2/repository/com/fasterxml/classmate/1.3.0/classmate-1.3.0.jar:/home/channoufisaber/.m2/repository/dom4j/dom4j/1.6.1/dom4j-1.6.1.jar:/home/channoufisaber/.m2/repository/org/hibernate/common/hibernate-commons-annotations/5.0.1.Final/hibernate-commons-annotations-5.0.1.Final.jar:/home/channoufisaber/.m2/repository/org/hibernate/hibernate-c3p0/5.3.6.Final/hibernate-c3p0-5.3.6.Final.jar:/home/channoufisaber/.m2/repository/com/mchange/c3p0/0.9.5.2/c3p0-0.9.5.2.jar:/home/channoufisaber/.m2/repository/com/mchange/mchange-commons-java/0.2.11/mchange-commons-java-0.2.11.jar:/home/channoufisaber/.m2/repository/mysql/mysql-connector-java/5.1.46/mysql-connector-java-5.1.46.jar:/home/channoufisaber/.m2/repository/org/javassist/javassist/3.25.0-GA/javassist-3.25.0-GA.jar:/home/channoufisaber/.m2/repository/javax/servlet/javax.servlet-api/3.0.1/javax.servlet-api-3.0.1.jar:/home/channoufisaber/.m2/repository/javax/servlet/jsp-api/2.0/jsp-api-2.0.jar:/home/channoufisaber/.m2/repository/javax/servlet/servlet-api/2.4/servlet-api-2.4.jar:/home/channoufisaber/.m2/repository/jstl/jstl/1.2/jstl-1.2.jar:/home/channoufisaber/.m2/repository/org/apache/maven/plugins/maven-war-plugin/3.4.0/maven-war-plugin-3.4.0.jar:/home/channoufisaber/.m2/repository/org/apache/maven/maven-archiver/3.6.0/maven-archiver-3.6.0.jar:/home/channoufisaber/.m2/repository/org/codehaus/plexus/plexus-io/3.4.0/plexus-io-3.4.0.jar:/home/channoufisaber/.m2/repository/org/apache/maven/shared/maven-shared-utils/3.4.2/maven-shared-utils-3.4.2.jar:/home/channoufisaber/.m2/repository/org/slf4j/slf4j-api/1.7.36/slf4j-api-1.7.36.jar:/home/channoufisaber/.m2/repository/commons-io/commons-io/2.13.0/commons-io-2.13.0.jar:/home/channoufisaber/.m2/repository/org/codehaus/plexus/plexus-archiver/4.7.1/plexus-archiver-4.7.1.jar:/home/channoufisaber/.m2/repository/javax/inject/javax.inject/1/javax.inject-1.jar:/home/channoufisaber/.m2/repository/org/apache/commons/commons-compress/1.23.0/commons-compress-1.23.0.jar:/home/channoufisaber/.m2/repository/org/iq80/snappy/snappy/0.4/snappy-0.4.jar:/home/channoufisaber/.m2/repository/org/tukaani/xz/1.9/xz-1.9.jar:/home/channoufisaber/.m2/repository/com/github/luben/zstd-jni/1.5.5-2/zstd-jni-1.5.5-2.jar:/home/channoufisaber/.m2/repository/org/codehaus/plexus/plexus-interpolation/1.26/plexus-interpolation-1.26.jar:/home/channoufisaber/.m2/repository/org/codehaus/plexus/plexus-utils/3.5.1/plexus-utils-3.5.1.jar:/home/channoufisaber/.m2/repository/org/apache/maven/shared/maven-filtering/3.3.1/maven-filtering-3.3.1.jar:/home/channoufisaber/.m2/repository/org/sonatype/plexus/plexus-build-api/0.0.7/plexus-build-api-0.0.7.jar:/home/channoufisaber/.m2/repository/org/apache/maven/shared/maven-mapping/3.0.0/maven-mapping-3.0.0.jar:/home/channoufisaber/.m2/repository/org/apache/maven/maven-core/3.0/maven-core-3.0.jar:/home/channoufisaber/.m2/repository/org/apache/maven/maven-model/3.0/maven-model-3.0.jar:/home/channoufisaber/.m2/repository/org/apache/maven/maven-settings/3.0/maven-settings-3.0.jar:/home/channoufisaber/.m2/repository/org/apache/maven/maven-settings-builder/3.0/maven-settings-builder-3.0.jar:/home/channoufisaber/.m2/repository/org/apache/maven/maven-repository-metadata/3.0/maven-repository-metadata-3.0.jar:/home/channoufisaber/.m2/repository/org/apache/maven/maven-artifact/3.0/maven-artifact-3.0.jar:/home/channoufisaber/.m2/repository/org/apache/maven/maven-plugin-api/3.0/maven-plugin-api-3.0.jar:/home/channoufisaber/.m2/repository/org/apache/maven/maven-model-builder/3.0/maven-model-builder-3.0.jar:/home/channoufisaber/.m2/repository/org/apache/maven/maven-aether-provider/3.0/maven-aether-provider-3.0.jar:/home/channoufisaber/.m2/repository/org/sonatype/aether/aether-impl/1.7/aether-impl-1.7.jar:/home/channoufisaber/.m2/repository/org/sonatype/aether/aether-spi/1.7/aether-spi-1.7.jar:/home/channoufisaber/.m2/repository/org/sonatype/aether/aether-api/1.7/aether-api-1.7.jar:/home/channoufisaber/.m2/repository/org/sonatype/aether/aether-util/1.7/aether-util-1.7.jar:/home/channoufisaber/.m2/repository/org/sonatype/sisu/sisu-inject-plexus/1.4.2/sisu-inject-plexus-1.4.2.jar:/home/channoufisaber/.m2/repository/org/sonatype/sisu/sisu-inject-bean/1.4.2/sisu-inject-bean-1.4.2.jar:/home/channoufisaber/.m2/repository/org/sonatype/sisu/sisu-guice/2.1.7/sisu-guice-2.1.7-noaop.jar:/home/channoufisaber/.m2/repository/org/codehaus/plexus/plexus-classworlds/2.2.3/plexus-classworlds-2.2.3.jar:/home/channoufisaber/.m2/repository/org/codehaus/plexus/plexus-component-annotations/1.5.5/plexus-component-annotations-1.5.5.jar:/home/channoufisaber/.m2/repository/org/sonatype/plexus/plexus-sec-dispatcher/1.3/plexus-sec-dispatcher-1.3.jar:/home/channoufisaber/.m2/repository/org/sonatype/plexus/plexus-cipher/1.4/plexus-cipher-1.4.jar:/home/channoufisaber/.m2/repository/org/testng/testng/7.4.0/testng-7.4.0.jar:/home/channoufisaber/.m2/repository/com/beust/jcommander/1.78/jcommander-1.78.jar:/home/channoufisaber/.m2/repository/org/webjars/jquery/3.5.1/jquery-3.5.1.jar:/home/channoufisaber/.m2/repository/javax/xml/bind/jaxb-api/2.3.1/jaxb-api-2.3.1.jar:/home/channoufisaber/.m2/repository/javax/activation/javax.activation-api/1.2.0/javax.activation-api-1.2.0.jar:"/>
    <property name="java.vm.vendor" value="Oracle Corporation"/>
    <property name="sun.arch.data.model" value="64"/>
    <property name="java.vendor.url" value="https://java.oracle.com/"/>
    <property name="user.timezone" value="Africa/Tunis"/>
    <property name="os.name" value="Linux"/>
    <property name="java.vm.specification.version" value="17"/>
    <property name="sun.java.launcher" value="SUN_STANDARD"/>
    <property name="user.country" value="US"/>
    <property name="sun.boot.library.path" value="/usr/lib/jvm/jdk-17.0.9/lib"/>
    <property name="sun.java.command" value="/home/channoufisaber/NetBeansProjects/BooksStoreWebsite/target/surefire/surefirebooter-20241202150444417_3.jar /home/channoufisaber/NetBeansProjects/BooksStoreWebsite/target/surefire 2024-12-02T15-04-43_480-jvmRun1 surefire-20241202150444417_1tmp surefire_0-20241202150444417_2tmp"/>
    <property name="jdk.debug" value="release"/>
    <property name="surefire.test.class.path" value="/home/channoufisaber/NetBeansProjects/BooksStoreWebsite/target/test-classes:/home/channoufisaber/NetBeansProjects/BooksStoreWebsite/target/classes:/home/channoufisaber/.m2/repository/javax/javaee-web-api/7.0/javaee-web-api-7.0.jar:/home/channoufisaber/.m2/repository/org/hibernate/hibernate-core/5.2.12.Final/hibernate-core-5.2.12.Final.jar:/home/channoufisaber/.m2/repository/org/jboss/logging/jboss-logging/3.3.0.Final/jboss-logging-3.3.0.Final.jar:/home/channoufisaber/.m2/repository/org/hibernate/javax/persistence/hibernate-jpa-2.1-api/1.0.0.Final/hibernate-jpa-2.1-api-1.0.0.Final.jar:/home/channoufisaber/.m2/repository/antlr/antlr/2.7.7/antlr-2.7.7.jar:/home/channoufisaber/.m2/repository/org/jboss/spec/javax/transaction/jboss-transaction-api_1.2_spec/1.0.1.Final/jboss-transaction-api_1.2_spec-1.0.1.Final.jar:/home/channoufisaber/.m2/repository/org/jboss/jandex/2.0.3.Final/jandex-2.0.3.Final.jar:/home/channoufisaber/.m2/repository/com/fasterxml/classmate/1.3.0/classmate-1.3.0.jar:/home/channoufisaber/.m2/repository/dom4j/dom4j/1.6.1/dom4j-1.6.1.jar:/home/channoufisaber/.m2/repository/org/hibernate/common/hibernate-commons-annotations/5.0.1.Final/hibernate-commons-annotations-5.0.1.Final.jar:/home/channoufisaber/.m2/repository/org/hibernate/hibernate-c3p0/5.3.6.Final/hibernate-c3p0-5.3.6.Final.jar:/home/channoufisaber/.m2/repository/com/mchange/c3p0/0.9.5.2/c3p0-0.9.5.2.jar:/home/channoufisaber/.m2/repository/com/mchange/mchange-commons-java/0.2.11/mchange-commons-java-0.2.11.jar:/home/channoufisaber/.m2/repository/mysql/mysql-connector-java/5.1.46/mysql-connector-java-5.1.46.jar:/home/channoufisaber/.m2/repository/org/javassist/javassist/3.25.0-GA/javassist-3.25.0-GA.jar:/home/channoufisaber/.m2/repository/javax/servlet/javax.servlet-api/3.0.1/javax.servlet-api-3.0.1.jar:/home/channoufisaber/.m2/repository/javax/servlet/jsp-api/2.0/jsp-api-2.0.jar:/home/channoufisaber/.m2/repository/javax/servlet/servlet-api/2.4/servlet-api-2.4.jar:/home/channoufisaber/.m2/repository/jstl/jstl/1.2/jstl-1.2.jar:/home/channoufisaber/.m2/repository/org/apache/maven/plugins/maven-war-plugin/3.4.0/maven-war-plugin-3.4.0.jar:/home/channoufisaber/.m2/repository/org/apache/maven/maven-archiver/3.6.0/maven-archiver-3.6.0.jar:/home/channoufisaber/.m2/repository/org/codehaus/plexus/plexus-io/3.4.0/plexus-io-3.4.0.jar:/home/channoufisaber/.m2/repository/org/apache/maven/shared/maven-shared-utils/3.4.2/maven-shared-utils-3.4.2.jar:/home/channoufisaber/.m2/repository/org/slf4j/slf4j-api/1.7.36/slf4j-api-1.7.36.jar:/home/channoufisaber/.m2/repository/commons-io/commons-io/2.13.0/commons-io-2.13.0.jar:/home/channoufisaber/.m2/repository/org/codehaus/plexus/plexus-archiver/4.7.1/plexus-archiver-4.7.1.jar:/home/channoufisaber/.m2/repository/javax/inject/javax.inject/1/javax.inject-1.jar:/home/channoufisaber/.m2/repository/org/apache/commons/commons-compress/1.23.0/commons-compress-1.23.0.jar:/home/channoufisaber/.m2/repository/org/iq80/snappy/snappy/0.4/snappy-0.4.jar:/home/channoufisaber/.m2/repository/org/tukaani/xz/1.9/xz-1.9.jar:/home/channoufisaber/.m2/repository/com/github/luben/zstd-jni/1.5.5-2/zstd-jni-1.5.5-2.jar:/home/channoufisaber/.m2/repository/org/codehaus/plexus/plexus-interpolation/1.26/plexus-interpolation-1.26.jar:/home/channoufisaber/.m2/repository/org/codehaus/plexus/plexus-utils/3.5.1/plexus-utils-3.5.1.jar:/home/channoufisaber/.m2/repository/org/apache/maven/shared/maven-filtering/3.3.1/maven-filtering-3.3.1.jar:/home/channoufisaber/.m2/repository/org/sonatype/plexus/plexus-build-api/0.0.7/plexus-build-api-0.0.7.jar:/home/channoufisaber/.m2/repository/org/apache/maven/shared/maven-mapping/3.0.0/maven-mapping-3.0.0.jar:/home/channoufisaber/.m2/repository/org/apache/maven/maven-core/3.0/maven-core-3.0.jar:/home/channoufisaber/.m2/repository/org/apache/maven/maven-model/3.0/maven-model-3.0.jar:/home/channoufisaber/.m2/repository/org/apache/maven/maven-settings/3.0/maven-settings-3.0.jar:/home/channoufisaber/.m2/repository/org/apache/maven/maven-settings-builder/3.0/maven-settings-builder-3.0.jar:/home/channoufisaber/.m2/repository/org/apache/maven/maven-repository-metadata/3.0/maven-repository-metadata-3.0.jar:/home/channoufisaber/.m2/repository/org/apache/maven/maven-artifact/3.0/maven-artifact-3.0.jar:/home/channoufisaber/.m2/repository/org/apache/maven/maven-plugin-api/3.0/maven-plugin-api-3.0.jar:/home/channoufisaber/.m2/repository/org/apache/maven/maven-model-builder/3.0/maven-model-builder-3.0.jar:/home/channoufisaber/.m2/repository/org/apache/maven/maven-aether-provider/3.0/maven-aether-provider-3.0.jar:/home/channoufisaber/.m2/repository/org/sonatype/aether/aether-impl/1.7/aether-impl-1.7.jar:/home/channoufisaber/.m2/repository/org/sonatype/aether/aether-spi/1.7/aether-spi-1.7.jar:/home/channoufisaber/.m2/repository/org/sonatype/aether/aether-api/1.7/aether-api-1.7.jar:/home/channoufisaber/.m2/repository/org/sonatype/aether/aether-util/1.7/aether-util-1.7.jar:/home/channoufisaber/.m2/repository/org/sonatype/sisu/sisu-inject-plexus/1.4.2/sisu-inject-plexus-1.4.2.jar:/home/channoufisaber/.m2/repository/org/sonatype/sisu/sisu-inject-bean/1.4.2/sisu-inject-bean-1.4.2.jar:/home/channoufisaber/.m2/repository/org/sonatype/sisu/sisu-guice/2.1.7/sisu-guice-2.1.7-noaop.jar:/home/channoufisaber/.m2/repository/org/codehaus/plexus/plexus-classworlds/2.2.3/plexus-classworlds-2.2.3.jar:/home/channoufisaber/.m2/repository/org/codehaus/plexus/plexus-component-annotations/1.5.5/plexus-component-annotations-1.5.5.jar:/home/channoufisaber/.m2/repository/org/sonatype/plexus/plexus-sec-dispatcher/1.3/plexus-sec-dispatcher-1.3.jar:/home/channoufisaber/.m2/repository/org/sonatype/plexus/plexus-cipher/1.4/plexus-cipher-1.4.jar:/home/channoufisaber/.m2/repository/org/testng/testng/7.4.0/testng-7.4.0.jar:/home/channoufisaber/.m2/repository/com/beust/jcommander/1.78/jcommander-1.78.jar:/home/channoufisaber/.m2/repository/org/webjars/jquery/3.5.1/jquery-3.5.1.jar:/home/channoufisaber/.m2/repository/javax/xml/bind/jaxb-api/2.3.1/jaxb-api-2.3.1.jar:/home/channoufisaber/.m2/repository/javax/activation/javax.activation-api/1.2.0/javax.activation-api-1.2.0.jar:"/>
    <property name="sun.cpu.endian" value="little"/>
    <property name="user.home" value="/home/channoufisaber"/>
    <property name="user.language" value="en"/>
    <property name="java.specification.vendor" value="Oracle Corporation"/>
    <property name="java.version.date" value="2023-10-17"/>
    <property name="java.home" value="/usr/lib/jvm/jdk-17.0.9"/>
    <property name="file.separator" value="/"/>
    <property name="basedir" value="/home/channoufisaber/NetBeansProjects/BooksStoreWebsite"/>
    <property name="java.vm.compressedOopsMode" value="32-bit"/>
    <property name="line.separator" value="&#10;"/>
    <property name="java.vm.specification.vendor" value="Oracle Corporation"/>
    <property name="java.specification.name" value="Java Platform API Specification"/>
    <property name="surefire.real.class.path" value="/home/channoufisaber/NetBeansProjects/BooksStoreWebsite/target/surefire/surefirebooter-20241202150444417_3.jar"/>
    <property name="sun.management.compiler" value="HotSpot 64-Bit Tiered Compilers"/>
    <property name="java.runtime.version" value="17.0.9+11-LTS-201"/>
    <property name="user.name" value="channoufisaber"/>
    <property name="path.separator" value=":"/>
    <property name="os.version" value="6.8.0-49-generic"/>
    <property name="java.runtime.name" value="Java(TM) SE Runtime Environment"/>
    <property name="file.encoding" value="UTF-8"/>
    <property name="java.vm.name" value="Java HotSpot(TM) 64-Bit Server VM"/>
    <property name="localRepository" value="/home/channoufisaber/.m2/repository"/>
    <property name="java.vendor.url.bug" value="https://bugreport.java.com/bugreport/"/>
    <property name="java.io.tmpdir" value="/tmp"/>
    <property name="java.version" value="17.0.9"/>
    <property name="user.dir" value="/home/channoufisaber/NetBeansProjects/BooksStoreWebsite"/>
    <property name="os.arch" value="amd64"/>
    <property name="java.vm.specification.name" value="Java Virtual Machine Specification"/>
    <property name="native.encoding" value="UTF-8"/>
    <property name="java.library.path" value="/usr/java/packages/lib:/usr/lib64:/lib64:/lib:/usr/lib"/>
    <property name="java.vm.info" value="mixed mode, sharing"/>
    <property name="java.vendor" value="Oracle Corporation"/>
    <property name="java.vm.version" value="17.0.9+11-LTS-201"/>
    <property name="sun.io.unicode.encoding" value="UnicodeLittle"/>
    <property name="java.class.version" value="61.0"/>
  </properties>
</testsuite>